<?xml version="1.0" encoding="UTF-8"?>
<!-- Generated by org.testng.reporters.JUnitReportReporter -->
<testsuite skipped="0" hostname="FG2000122000" name="practice.AppiumFramework.Ecommerce_TC4b2" tests="2" failures="0" timestamp="19 Jul 2020 13:00:08 GMT" time="108.417" errors="0">
  <testcase name="totalValidation" time="66.572" classname="practice.AppiumFramework.Ecommerce_TC4b2"/>
  <testcase name="totalValidation" time="41.845" classname="practice.AppiumFramework.Ecommerce_TC4b2"/>
</testsuite> <!-- practice.AppiumFramework.Ecommerce_TC4b2 -->
