<?xml version="1.0" encoding="UTF-8"?>
<!-- Generated by org.testng.reporters.JUnitReportReporter -->
<testsuite skipped="0" hostname="FG2000122000" name="practice.AppiumFramework.Ecommerce_TC4b3" tests="1" failures="0" timestamp="18 Jun 2020 14:00:59 GMT" time="17.664" errors="0">
  <testcase name="totalValidation" time="17.664" classname="practice.AppiumFramework.Ecommerce_TC4b3"/>
</testsuite> <!-- practice.AppiumFramework.Ecommerce_TC4b3 -->
