<?xml version="1.0" encoding="UTF-8"?>
<!-- Generated by org.testng.reporters.JUnitReportReporter -->
<testsuite skipped="0" hostname="FG2000122000" name="practice.AppiumFramework.Ecommerce_TC4b2" tests="2" failures="0" timestamp="05 Jul 2020 13:47:35 GMT" time="104.091" errors="0">
  <testcase name="totalValidation" time="39.361" classname="practice.AppiumFramework.Ecommerce_TC4b2"/>
  <testcase name="totalValidation" time="64.730" classname="practice.AppiumFramework.Ecommerce_TC4b2"/>
</testsuite> <!-- practice.AppiumFramework.Ecommerce_TC4b2 -->
