<?xml version="1.0" encoding="UTF-8"?>
<!-- Generated by org.testng.reporters.JUnitReportReporter -->
<testsuite skipped="0" hostname="FG2000122000" name="practice.AppiumFramework.Ecommerce_TC4b" tests="1" failures="0" timestamp="26 Jun 2020 14:53:42 GMT" time="66.539" errors="0">
  <testcase name="totalValidation" time="66.539" classname="practice.AppiumFramework.Ecommerce_TC4b"/>
</testsuite> <!-- practice.AppiumFramework.Ecommerce_TC4b -->
